[    0.000000] Initializing cgroup subsys cpuset
[    0.000000] Initializing cgroup subsys cpu
[    0.000000] Initializing cgroup subsys cpuacct
[    0.000000] Linux version 4.4.0-210-generic (buildd@lgw01-amd64-009) (gcc version 5.4.0 20160609 (Ubuntu 5.4.0-6ubuntu1~16.04.12) ) #242-Ubuntu SMP Fri Apr 16 09:57:56 UTC 2021 (Ubuntu 4.4.0-210.242-generic 4.4.262)
[    0.000000] Command line: BOOT_IMAGE=/boot/vmlinuz-4.4.0-210-generic root=LABEL=cloudimg-rootfs ro console=tty1 console=ttyS0
[    0.000000] KERNEL supported cpus:
[    0.000000]   Intel GenuineIntel
[    0.000000]   AMD AuthenticAMD
[    0.000000]   Centaur CentaurHauls
[    0.000000] x86/fpu: Legacy x87 FPU detected.
[    0.000000] e820: BIOS-provided physical RAM map:
[    0.000000] BIOS-e820: [mem 0x0000000000000000-0x000000000009fbff] usable
[    0.000000] BIOS-e820: [mem 0x000000000009fc00-0x000000000009ffff] reserved
[    0.000000] BIOS-e820: [mem 0x00000000000f0000-0x00000000000fffff] reserved
[    0.000000] BIOS-e820: [mem 0x0000000000100000-0x000000003ffeffff] usable
[    0.000000] BIOS-e820: [mem 0x000000003fff0000-0x000000003fffffff] ACPI data
[    0.000000] BIOS-e820: [mem 0x00000000fec00000-0x00000000fec00fff] reserved
[    0.000000] BIOS-e820: [mem 0x00000000fee00000-0x00000000fee00fff] reserved
[    0.000000] BIOS-e820: [mem 0x00000000fffc0000-0x00000000ffffffff] reserved
[    0.000000] NX (Execute Disable) protection: active
[    0.000000] SMBIOS 2.5 present.
[    0.000000] Hypervisor detected: KVM
[    0.000000] Kernel/User page tables isolation: disabled
[    0.000000] e820: last_pfn = 0x3fff0 max_arch_pfn = 0x400000000
[    0.000000] MTRR: Disabled
[    0.000000] x86/PAT: MTRRs disabled, skipping PAT initialization too.
[    0.000000] CPU MTRRs all blank - virtualized system.
[    0.000000] x86/PAT: Configuration [0-7]: WB  WT  UC- UC  WB  WT  UC- UC  
[    0.000000] found SMP MP-table at [mem 0x0009fff0-0x0009ffff] mapped at [ffff88000009fff0]
[    0.000000] Scanning 1 areas for low memory corruption
[    0.000000] RAMDISK: [mem 0x362dc000-0x37165fff]
[    0.000000] ACPI: Early table checksum verification disabled
[    0.000000] ACPI: RSDP 0x00000000000E0000 000024 (v02 VBOX  )
[    0.000000] ACPI: XSDT 0x000000003FFF0030 00003C (v01 VBOX   VBOXXSDT 00000001 ASL  00000061)
[    0.000000] ACPI: FACP 0x000000003FFF00F0 0000F4 (v04 VBOX   VBOXFACP 00000001 ASL  00000061)
[    0.000000] ACPI: DSDT 0x000000003FFF0470 002325 (v02 VBOX   VBOXBIOS 00000002 INTL 20100528)
[    0.000000] ACPI: FACS 0x000000003FFF0200 000040
[    0.000000] ACPI: FACS 0x000000003FFF0200 000040
[    0.000000] ACPI: APIC 0x000000003FFF0240 00005C (v02 VBOX   VBOXAPIC 00000001 ASL  00000061)
[    0.000000] ACPI: SSDT 0x000000003FFF02A0 0001CC (v01 VBOX   VBOXCPUT 00000002 INTL 20100528)
[    0.000000] No NUMA configuration found
[    0.000000] Faking a node at [mem 0x0000000000000000-0x000000003ffeffff]
[    0.000000] NODE_DATA(0) allocated [mem 0x3ffeb000-0x3ffeffff]
[    0.000000] kvm-clock: Using msrs 4b564d01 and 4b564d00
[    0.000000] kvm-clock: cpu 0, msr 0:3ffe3001, primary cpu clock
[    0.000000] kvm-clock: using sched offset of 3451059037 cycles
[    0.000000] clocksource: kvm-clock: mask: 0xffffffffffffffff max_cycles: 0x1cd42e4dffb, max_idle_ns: 881590591483 ns
[    0.000000] Zone ranges:
[    0.000000]   DMA      [mem 0x0000000000001000-0x0000000000ffffff]
[    0.000000]   DMA32    [mem 0x0000000001000000-0x000000003ffeffff]
[    0.000000]   Normal   empty
[    0.000000]   Device   empty
[    0.000000] Movable zone start for each node
[    0.000000] Early memory node ranges
[    0.000000]   node   0: [mem 0x0000000000001000-0x000000000009efff]
[    0.000000]   node   0: [mem 0x0000000000100000-0x000000003ffeffff]
[    0.000000] Initmem setup node 0 [mem 0x0000000000001000-0x000000003ffeffff]
[    0.000000] ACPI: PM-Timer IO Port: 0x4008
[    0.000000] IOAPIC[0]: apic_id 2, version 32, address 0xfec00000, GSI 0-23
[    0.000000] ACPI: INT_SRC_OVR (bus 0 bus_irq 0 global_irq 2 dfl dfl)
[    0.000000] ACPI: INT_SRC_OVR (bus 0 bus_irq 9 global_irq 9 low level)
[    0.000000] Using ACPI (MADT) for SMP configuration information
[    0.000000] smpboot: Allowing 2 CPUs, 0 hotplug CPUs
[    0.000000] PM: Registered nosave memory: [mem 0x00000000-0x00000fff]
[    0.000000] PM: Registered nosave memory: [mem 0x0009f000-0x0009ffff]
[    0.000000] PM: Registered nosave memory: [mem 0x000a0000-0x000effff]
[    0.000000] PM: Registered nosave memory: [mem 0x000f0000-0x000fffff]
[    0.000000] e820: [mem 0x40000000-0xfebfffff] available for PCI devices
[    0.000000] Booting paravirtualized kernel on KVM
[    0.000000] clocksource: refined-jiffies: mask: 0xffffffff max_cycles: 0xffffffff, max_idle_ns: 7645519600211568 ns
[    0.000000] setup_percpu: NR_CPUS:512 nr_cpumask_bits:512 nr_cpu_ids:2 nr_node_ids:1
[    0.000000] PERCPU: Embedded 33 pages/cpu @ffff88003fc00000 s95192 r8192 d31784 u1048576
[    0.000000] Built 1 zonelists in Node order, mobility grouping on.  Total pages: 257912
[    0.000000] Policy zone: DMA32
[    0.000000] Kernel command line: BOOT_IMAGE=/boot/vmlinuz-4.4.0-210-generic root=LABEL=cloudimg-rootfs ro console=tty1 console=ttyS0
[    0.000000] PID hash table entries: 4096 (order: 3, 32768 bytes)
[    0.000000] Memory: 997792K/1048120K available (8644K kernel code, 1332K rwdata, 4044K rodata, 1492K init, 1164K bss, 50328K reserved, 0K cma-reserved)
[    0.000000] SLUB: HWalign=64, Order=0-3, MinObjects=0, CPUs=2, Nodes=1
[    0.000000] Hierarchical RCU implementation.
[    0.000000] 	Build-time adjustment of leaf fanout to 64.
[    0.000000] 	RCU restricting CPUs from NR_CPUS=512 to nr_cpu_ids=2.
[    0.000000] RCU: Adjusting geometry for rcu_fanout_leaf=64, nr_cpu_ids=2
[    0.000000] NR_IRQS:33024 nr_irqs:440 16
[    0.000000] Console: colour VGA+ 80x25
[    0.000000] console [tty1] enabled
[    0.000000] console [ttyS0] enabled
[    0.000000] tsc: Detected 2904.006 MHz processor
[    0.445320] Calibrating delay loop (skipped) preset value.. 5808.01 BogoMIPS (lpj=11616024)
[    0.451285] pid_max: default: 32768 minimum: 301
[    0.454545] ACPI: Core revision 20150930
[    0.458263] ACPI: 2 ACPI AML tables successfully acquired and loaded
[    0.463719] Security Framework initialized
[    0.468268] Yama: becoming mindful.
[    0.471048] AppArmor: AppArmor initialized
[    0.476458] Dentry cache hash table entries: 131072 (order: 8, 1048576 bytes)
[    0.485134] Inode-cache hash table entries: 65536 (order: 7, 524288 bytes)
[    0.493259] Mount-cache hash table entries: 2048 (order: 2, 16384 bytes)
[    0.500712] Mountpoint-cache hash table entries: 2048 (order: 2, 16384 bytes)
[    0.508774] Initializing cgroup subsys io
[    0.512945] Initializing cgroup subsys memory
[    0.517491] Initializing cgroup subsys devices
[    0.520653] Initializing cgroup subsys freezer
[    0.526012] Initializing cgroup subsys net_cls
[    0.529592] Initializing cgroup subsys perf_event
[    0.533017] Initializing cgroup subsys net_prio
[    0.536332] Initializing cgroup subsys hugetlb
[    0.541757] Initializing cgroup subsys pids
[    0.545572] mce: CPU supports 0 MCE banks
[    0.548790] Last level iTLB entries: 4KB 64, 2MB 8, 4MB 8
[    0.552963] Last level dTLB entries: 4KB 64, 2MB 0, 4MB 0, 1GB 4
[    0.560045] Spectre V1 : Mitigation: usercopy/swapgs barriers and __user pointer sanitization
[    0.568444] Spectre V2 : Mitigation: Enhanced IBRS
[    0.574778] Spectre V2 : Spectre v2 / SpectreRSB mitigation: Filling RSB on context switch
[    0.582932] Speculative Store Bypass: Vulnerable
[    0.614781] Freeing SMP alternatives memory: 36K
[    0.681342] ftrace: allocating 32380 entries in 127 pages
[    1.101336] smpboot: APIC(0) Converting physical 0 to logical package 0
[    1.109059] smpboot: Max logical packages: 1
[    1.124666] ..TIMER: vector=0x30 apic1=0 pin1=2 apic2=-1 pin2=-1
[    1.237648] smpboot: CPU0: Intel(R) Core(TM) i5-10400F CPU @ 2.90GHz (family: 0x6, model: 0xa5, stepping: 0x3)
[    1.245736] Performance Events: unsupported p6 CPU model 165 no PMU driver, software events only.
[    1.317978] KVM setup paravirtual spinlock
[    1.323215] x86: Booting SMP configuration:
[    1.326629] .... node  #0, CPUs:      #1
[    1.330513] kvm-clock: cpu 1, msr 0:3ffe3041, secondary cpu clock
[    1.334265] mce: CPU supports 0 MCE banks
[    1.337709] TSC synchronization [CPU#0 -> CPU#1]:
[    1.341048] Measured 53890 cycles TSC warp between CPUs, turning off TSC clock.
[    1.345894] tsc: Marking TSC unstable due to check_tsc_sync_source failed
[    0.420034] x86: Booted up 1 node, 2 CPUs
[    0.423033] smpboot: Total of 2 processors activated (11616.02 BogoMIPS)
[    0.429514] devtmpfs: initialized
[    0.434017] evm: security.selinux
[    0.436004] evm: security.SMACK64
[    0.440003] evm: security.SMACK64EXEC
[    0.442484] evm: security.SMACK64TRANSMUTE
[    0.444002] evm: security.SMACK64MMAP
[    0.446474] evm: security.ima
[    0.448002] evm: security.capability
[    0.452119] clocksource: jiffies: mask: 0xffffffff max_cycles: 0xffffffff, max_idle_ns: 7645041785100000 ns
[    0.456013] futex hash table entries: 512 (order: 3, 32768 bytes)
[    0.460287] pinctrl core: initialized pinctrl subsystem
[    0.464289] RTC time: 13:53:58, date: 10/18/22
[    0.468804] NET: Registered protocol family 16
[    0.484009] cpuidle: using governor ladder
[    0.496008] cpuidle: using governor menu
[    0.499166] PCCT header not found.
[    0.500087] ACPI: bus type PCI registered
[    0.502913] acpiphp: ACPI Hot Plug PCI Controller Driver version: 0.5
[    0.504362] PCI: Using configuration type 1 for base access
[    0.524431] ACPI: Added _OSI(Module Device)
[    0.528004] ACPI: Added _OSI(Processor Device)
[    0.531025] ACPI: Added _OSI(3.0 _SCP Extensions)
[    0.532002] ACPI: Added _OSI(Processor Aggregator Device)
[    0.536943] ACPI: Executed 1 blocks of module-level executable AML code
[    0.544474] ACPI: Interpreter enabled
[    0.547143] ACPI: (supports S0 S5)
[    0.548002] ACPI: Using IOAPIC for interrupt routing
[    0.552282] PCI: Using host bridge windows from ACPI; if necessary, use "pci=nocrs" and report a bug
[    0.564000] ACPI: PCI Root Bridge [PCI0] (domain 0000 [bus 00-ff])
[    0.564006] acpi PNP0A03:00: _OSC: OS supports [ASPM ClockPM Segments MSI]
[    0.568573] acpi PNP0A03:00: _OSC: not requesting OS control; OS requires [ExtendedConfig ASPM ClockPM MSI]
[    0.572011] acpi PNP0A03:00: fail to add MMCONFIG information, can't access extended PCI configuration space under this bridge.
[    0.580290] PCI host bridge to bus 0000:00
[    0.583205] pci_bus 0000:00: root bus resource [io  0x0000-0x0cf7 window]
[    0.584005] pci_bus 0000:00: root bus resource [io  0x0d00-0xffff window]
[    0.588004] pci_bus 0000:00: root bus resource [mem 0x000a0000-0x000bffff window]
[    0.592014] pci_bus 0000:00: root bus resource [mem 0x40000000-0xfdffffff window]
[    0.596005] pci_bus 0000:00: root bus resource [bus 00-ff]
[    0.603699] pci 0000:00:01.1: legacy IDE quirk: reg 0x10: [io  0x01f0-0x01f7]
[    0.604007] pci 0000:00:01.1: legacy IDE quirk: reg 0x14: [io  0x03f6]
[    0.608006] pci 0000:00:01.1: legacy IDE quirk: reg 0x18: [io  0x0170-0x0177]
[    0.616006] pci 0000:00:01.1: legacy IDE quirk: reg 0x1c: [io  0x0376]
[    0.639028] pci 0000:00:07.0: quirk: [io  0x4000-0x403f] claimed by PIIX4 ACPI
[    0.640032] pci 0000:00:07.0: quirk: [io  0x4100-0x410f] claimed by PIIX4 SMB
[    0.654876] ACPI: PCI Interrupt Link [LNKA] (IRQs 5 9 10 *11)
[    0.661907] ACPI: PCI Interrupt Link [LNKB] (IRQs 5 9 *10 11)
[    0.668170] ACPI: PCI Interrupt Link [LNKC] (IRQs 5 *9 10 11)
[    0.674122] ACPI: PCI Interrupt Link [LNKD] (IRQs 5 9 10 *11)
[    0.680210] ACPI: Enabled 2 GPEs in block 00 to 07
[    0.684180] vgaarb: setting as boot device: PCI:0000:00:02.0
[    0.687971] vgaarb: device added: PCI:0000:00:02.0,decodes=io+mem,owns=io+mem,locks=none
[    0.688006] vgaarb: loaded
[    0.690314] vgaarb: bridge control possible 0000:00:02.0
[    0.692331] SCSI subsystem initialized
[    0.696160] ACPI: bus type USB registered
[    0.700035] usbcore: registered new interface driver usbfs
[    0.704029] usbcore: registered new interface driver hub
[    0.708010] usbcore: registered new device driver usb
[    0.716115] PCI: Using ACPI for IRQ routing
[    0.720660] NetLabel: Initializing
[    0.723236] NetLabel:  domain hash size = 128
[    0.724002] NetLabel:  protocols = UNLABELED CIPSOv4
[    0.728014] NetLabel:  unlabeled traffic allowed by default
[    0.736117] amd_nb: Cannot enumerate AMD northbridges
[    0.740311] clocksource: Switched to clocksource kvm-clock
[    0.755040] AppArmor: AppArmor Filesystem Enabled
[    0.755040] pnp: PnP ACPI init
[    0.755040] pnp: PnP ACPI: found 3 devices
[    0.808787] clocksource: acpi_pm: mask: 0xffffff max_cycles: 0xffffff, max_idle_ns: 2085701024 ns
[    0.812744] NET: Registered protocol family 2
[    0.820164] TCP established hash table entries: 8192 (order: 4, 65536 bytes)
[    0.825133] TCP bind hash table entries: 8192 (order: 5, 131072 bytes)
[    0.828943] TCP: Hash tables configured (established 8192 bind 8192)
[    0.828943] UDP hash table entries: 512 (order: 2, 16384 bytes)
[    0.828943] UDP-Lite hash table entries: 512 (order: 2, 16384 bytes)
[    0.828943] NET: Registered protocol family 1
[    0.828943] pci 0000:00:00.0: Limiting direct PCI/PCI transfers
[    0.828943] pci 0000:00:01.0: Activating ISA DMA hang workarounds
[    0.828943] Unpacking initramfs...
[    0.828943] Freeing initrd memory: 14888K
[    0.828943] clocksource: tsc: mask: 0xffffffffffffffff max_cycles: 0x29dc0b74fd3, max_idle_ns: 440795242287 ns
[    0.828943] platform rtc_cmos: registered platform RTC device (no PNP device found)
[    0.828943] Scanning for low memory corruption every 60 seconds
[    1.154082] audit: initializing netlink subsys (disabled)
[    1.158519] audit: type=2000 audit(1666101243.355:1): initialized
[    1.163884] Initialise system trusted keyring
[    1.168189] HugeTLB registered 2 MB page size, pre-allocated 0 pages
[    1.174813] zbud: loaded
[    1.177798] VFS: Disk quotas dquot_6.6.0
[    1.180795] VFS: Dquot-cache hash table entries: 512 (order 0, 4096 bytes)
[    1.184711] squashfs: version 4.0 (2009/01/31) Phillip Lougher
[    1.191460] fuse init (API version 7.23)
[    1.195186] Key type big_key registered
[    1.198020] Allocating IMA MOK and blacklist keyrings.
[    1.211826] Key type asymmetric registered
[    1.214818] Asymmetric key parser 'x509' registered
[    1.218180] Block layer SCSI generic (bsg) driver version 0.4 loaded (major 249)
[    1.224224] io scheduler noop registered
[    1.227373] io scheduler deadline registered (default)
[    1.231039] io scheduler cfq registered
[    1.234056] pci_hotplug: PCI Hot Plug PCI Core version: 0.5
[    1.237770] pciehp: PCI Express Hot Plug Controller Driver version: 0.4
[    1.237905] ACPI: AC Adapter [AC] (on-line)
[    1.237905] input: Power Button as /devices/LNXSYSTM:00/LNXPWRBN:00/input/input0
[    1.237905] ACPI: Power Button [PWRF]
[    1.237905] input: Sleep Button as /devices/LNXSYSTM:00/LNXSLPBN:00/input/input1
[    1.237905] ACPI: Sleep Button [SLPF]
[    1.261753] GHES: HEST is not enabled!
[    1.265022] Serial: 8250/16550 driver, 32 ports, IRQ sharing enabled
[    1.293562] 00:02: ttyS0 at I/O 0x3f8 (irq = 4, base_baud = 115200) is a 16550A
[    1.315054] Linux agpgart interface v0.103
[    1.328998] loop: module loaded
[    1.333563] scsi host0: ata_piix
[    1.336812] scsi host1: ata_piix
[    1.339164] ata1: PATA max UDMA/33 cmd 0x1f0 ctl 0x3f6 bmdma 0xd000 irq 14
[    1.343866] ata2: PATA max UDMA/33 cmd 0x170 ctl 0x376 bmdma 0xd008 irq 15
[    1.348639] libphy: Fixed MDIO Bus: probed
[    1.351838] tun: Universal TUN/TAP device driver, 1.6
[    1.355530] tun: (C) 1999-2004 Max Krasnyansky <maxk@qualcomm.com>
[    1.360174] PPP generic driver version 2.4.2
[    1.363421] ehci_hcd: USB 2.0 'Enhanced' Host Controller (EHCI) Driver
[    1.367842] ehci-pci: EHCI PCI platform driver
[    1.371181] ehci-platform: EHCI generic platform driver
[    1.374923] ohci_hcd: USB 1.1 'Open' Host Controller (OHCI) Driver
[    1.379080] ohci-pci: OHCI PCI platform driver
[    1.382274] ohci-platform: OHCI generic platform driver
[    1.386875] uhci_hcd: USB Universal Host Controller Interface driver
[    1.391561] i8042: PNP: PS/2 Controller [PNP0303:PS2K,PNP0f03:PS2M] at 0x60,0x64 irq 1,12
[    1.400580] serio: i8042 KBD port at 0x60,0x64 irq 1
[    1.404321] serio: i8042 AUX port at 0x60,0x64 irq 12
[    1.409090] mousedev: PS/2 mouse device common for all mice
[    1.415883] rtc_cmos rtc_cmos: rtc core: registered rtc_cmos as rtc0
[    1.421308] rtc_cmos rtc_cmos: alarms up to one day, 114 bytes nvram
[    1.426055] input: AT Translated Set 2 keyboard as /devices/platform/i8042/serio0/input/input2
[    1.431979] i2c /dev entries driver
[    1.434836] device-mapper: uevent: version 1.0.3
[    1.439263] device-mapper: ioctl: 4.34.0-ioctl (2015-10-28) initialised: dm-devel@redhat.com
[    1.445054] ledtrig-cpu: registered to indicate activity on CPUs
[    1.451505] NET: Registered protocol family 10
[    1.455336] NET: Registered protocol family 17
[    1.458610] Key type dns_resolver registered
[    1.463208] registered taskstats version 1
[    1.466187] Loading compiled-in X.509 certificates
[    1.469969] Loaded X.509 cert 'Build time autogenerated kernel key: cf00e047681d67edb2720680708b7d9498083038'
[    1.476855] zswap: loaded using pool lzo/zbud
[    1.484184] Key type trusted registered
[    1.493228] Key type encrypted registered
[    1.495906] AppArmor: AppArmor sha1 policy hashing enabled
[    1.499733] ima: No TPM chip found, activating TPM-bypass!
[    1.503572] ima: Allocated hash algorithm: sha1
[    1.507030] evm: HMAC attrs: 0x1
[    1.532496]   Magic number: 10:96:888
[    1.551222] rtc_cmos rtc_cmos: setting system clock to 2022-10-18 13:53:59 UTC (1666101239)
[    1.561950] BIOS EDD facility v0.16 2004-Jun-25, 0 devices found
[    1.566748] EDD information not available.
[    1.572342] Freeing unused kernel memory: 1492K
[    1.592447] Write protecting the kernel read-only data: 14336k
[    1.598075] Freeing unused kernel memory: 1584K
[    1.601840] Freeing unused kernel memory: 52K
Loading, please wait...
starting version 229
[    1.623793] random: systemd-udevd: uninitialized urandom read (16 bytes read, 5 bits of entropy available)
[    1.623990] random: udevadm: uninitialized urandom read (16 bytes read, 5 bits of entropy available)
[    1.624002] random: udevadm: uninitialized urandom read (16 bytes read, 5 bits of entropy available)
[    1.632631] random: udevadm: uninitialized urandom read (16 bytes read, 5 bits of entropy available)
[    1.632658] random: udevadm: uninitialized urandom read (16 bytes read, 5 bits of entropy available)
[    1.632771] random: udevadm: uninitialized urandom read (16 bytes read, 5 bits of entropy available)
[    1.632836] random: udevadm: uninitialized urandom read (16 bytes read, 5 bits of entropy available)
[    1.632867] random: udevadm: uninitialized urandom read (16 bytes read, 5 bits of entropy available)
[    1.632919] random: udevadm: uninitialized urandom read (16 bytes read, 5 bits of entropy available)
[    1.632950] random: udevadm: uninitialized urandom read (16 bytes read, 5 bits of entropy available)
[    1.718863] e1000: Intel(R) PRO/1000 Network Driver - version 7.3.21-k8-NAPI
[    1.725027] e1000: Copyright (c) 1999-2006 Intel Corporation.
[    1.738927] Fusion MPT base driver 3.04.20
[    1.740451] Copyright (c) 1999-2008 LSI Corporation
[    1.763105] Fusion MPT SPI Host driver 3.04.20
[    1.987242] input: ImExPS/2 Generic Explorer Mouse as /devices/platform/i8042/serio1/input/input4
[    2.342399] e1000 0000:00:03.0 eth0: (PCI:33MHz:32-bit) 02:be:82:6b:cc:1d
[    2.347889] e1000 0000:00:03.0 eth0: Intel(R) PRO/1000 Network Connection
[    2.902695] e1000 0000:00:08.0 eth1: (PCI:33MHz:32-bit) 08:00:27:bd:5f:17
[    2.908037] e1000 0000:00:08.0 eth1: Intel(R) PRO/1000 Network Connection
[    2.915157] e1000 0000:00:03.0 enp0s3: renamed from eth0
[    2.919811] mptbase: ioc0: Initiating bringup
[    2.924217] e1000 0000:00:08.0 enp0s8: renamed from eth1
[    3.000215] ioc0: LSI53C1030 A0: Capabilities={Initiator}
[    3.579981] scsi host2: ioc0: LSI53C1030 A0, FwRev=00000000h, Ports=1, MaxQ=256, IRQ=20
[    4.012282] scsi 2:0:0:0: Direct-Access     VBOX     HARDDISK         1.0  PQ: 0 ANSI: 5
[    4.018464] scsi target2:0:0: Beginning Domain Validation
[    4.027066] scsi target2:0:0: Domain Validation skipping write tests
[    4.031731] scsi target2:0:0: Ending Domain Validation
[    4.035737] scsi target2:0:0: asynchronous
[    4.041333] scsi 2:0:1:0: Direct-Access     VBOX     HARDDISK         1.0  PQ: 0 ANSI: 5
[    4.047029] scsi target2:0:1: Beginning Domain Validation
[    4.055563] scsi target2:0:1: Domain Validation skipping write tests
[    4.060243] scsi target2:0:1: Ending Domain Validation
[    4.064605] scsi target2:0:1: asynchronous
[    4.086920] sd 2:0:0:0: Attached scsi generic sg0 type 0
[    4.091004] sd 2:0:0:0: [sda] 83886080 512-byte logical blocks: (42.9 GB/40.0 GiB)
[    4.097298] sd 2:0:1:0: [sdb] 20480 512-byte logical blocks: (10.5 MB/10.0 MiB)
[    4.100329] sd 2:0:1:0: Attached scsi generic sg1 type 0
[    4.122712] sd 2:0:0:0: [sda] Write Protect is off
[    4.123223] sd 2:0:1:0: [sdb] Write Protect is off
[    4.123593] sd 2:0:1:0: [sdb] Incomplete mode parameter data
[    4.123594] sd 2:0:1:0: [sdb] Assuming drive cache: write through
[    4.132855] sd 2:0:1:0: [sdb] Attached SCSI disk
[    4.141611] sd 2:0:0:0: [sda] Incomplete mode parameter data
[    4.145640] sd 2:0:0:0: [sda] Assuming drive cache: write through
[    4.153404]  sda: sda1
[    4.157968] sd 2:0:0:0: [sda] Attached SCSI disk
Begin: Loading essential drivers ... [    5.698462] md: linear personality registered for level -1
[    5.706261] md: multipath personality registered for level -4
[    5.712900] md: raid0 personality registered for level 0
[    5.727353] md: raid1 personality registered for level 1
[    5.800170] raid6: sse2x1   gen() 11202 MB/s
[    5.868011] raid6: sse2x1   xor()  7733 MB/s
[    5.936548] raid6: sse2x2   gen() 16216 MB/s
[    6.008106] raid6: sse2x2   xor() 10604 MB/s
[    6.076313] raid6: sse2x4   gen() 17940 MB/s
[    6.144036] raid6: sse2x4   xor() 10952 MB/s
[    6.148066] raid6: using algorithm sse2x4 gen() 17940 MB/s
[    6.151757] raid6: .... xor() 10952 MB/s, rmw enabled
[    6.155271] raid6: using ssse3x2 recovery algorithm
[    6.160873] xor: measuring software checksum speed
[    6.200185]    prefetch64-sse: 23904.000 MB/sec
[    6.240261]    generic_sse: 22273.000 MB/sec
[    6.243515] xor: using function: prefetch64-sse (23904.000 MB/sec)
[    6.249681] async_tx: api initialized (async)
[    6.284343] md: raid6 personality registered for level 6
[    6.288468] md: raid5 personality registered for level 5
[    6.291936] md: raid4 personality registered for level 4
[    6.313121] md: raid10 personality registered for level 10
done.
Begin: Running /scripts/init-premount ... done.
Begin: Mounting root file system ... Begin: Running /scripts/local-top ... done.
Begin: Running /scripts/local-premount ... [    6.374564] Btrfs loaded
Scanning for Btrfs filesystems
done.
Warning: fsck not present, so skipping root file system
[    6.415719] EXT4-fs (sda1): mounted filesystem with ordered data mode. Opts: (null)
done.
Begin: Running /scripts/local-bottom ... done.
Begin: Running /scripts/init-bottom ... done.
[    6.548035] systemd[1]: systemd 229 running in system mode. (+PAM +AUDIT +SELINUX +IMA +APPARMOR +SMACK +SYSVINIT +UTMP +LIBCRYPTSETUP +GCRYPT +GNUTLS +ACL +XZ -LZ4 +SECCOMP +BLKID +ELFUTILS +KMOD -IDN)
[    6.560535] systemd[1]: Detected virtualization oracle.
[    6.564583] systemd[1]: Detected architecture x86-64.

Welcome to [1mUbuntu 16.04.7 LTS[0m!

[    6.576247] systemd[1]: Set hostname to <ubuntu>.
[    6.584729] systemd[1]: Initializing machine ID from random generator.
[    6.589780] systemd[1]: Installed transient /etc/machine-id file.
[    6.738653] systemd[1]: Listening on udev Kernel Socket.
[[0;32m  OK  [0m] Listening on udev Kernel Socket.
[    6.747443] systemd[1]: Listening on Syslog Socket.
[[0;32m  OK  [0m] Listening on Syslog Socket.
[    6.755271] systemd[1]: Reached target Encrypted Volumes.
[[0;32m  OK  [0m] Reached target Encrypted Volumes.
[    6.763637] systemd[1]: Started Forward Password Requests to Wall Directory Watch.
[[0;32m  OK  [0m] Started Forward Password Requests to Wall Directory Watch.
[    6.774132] systemd[1]: Listening on Device-mapper event daemon FIFOs.
[[0;32m  OK  [0m] Listening on Device-mapper event daemon FIFOs.
[    6.783288] systemd[1]: Listening on Journal Audit Socket.
[[0;32m  OK  [0m] Listening on Journal Audit Socket.
[    6.791873] systemd[1]: Set up automount Arbitrary Executable File Formats File System Automount Point.
[[0;32m  OK  [0m] Set up automount Arbitrary Executab...ats File System Automount Point.
[    6.803500] systemd[1]: Listening on Journal Socket (/dev/log).
[[0;32m  OK  [0m] Listening on Journal Socket (/dev/log).
[    6.812486] systemd[1]: Listening on udev Control Socket.
[[0;32m  OK  [0m] Listening on udev Control Socket.
[    6.820868] systemd[1]: Started Trigger resolvconf update for networkd DNS.
[[0;32m  OK  [0m] Started Trigger resolvconf update for networkd DNS.
[    6.830912] systemd[1]: Created slice System Slice.
[[0;32m  OK  [0m] Created slice System Slice.
[    6.838873] systemd[1]: Reached target System Time Synchronized.
[[0;32m  OK  [0m] Reached target System Time Synchronized.
[    6.847931] systemd[1]: Reached target Swap.
[[0;32m  OK  [0m] Reached target Swap.
[    6.855782] systemd[1]: Listening on /dev/initctl Compatibility Named Pipe.
[[0;32m  OK  [0m] Listening on /dev/initctl Compatibility Named Pipe.
[    6.866054] systemd[1]: Listening on LVM2 metadata daemon socket.
[[0;32m  OK  [0m] Listening on LVM2 metadata daemon socket.
[    6.875798] systemd[1]: Listening on Journal Socket.
[[0;32m  OK  [0m] Listening on Journal Socket.
[    6.892465] systemd[1]: Mounting Debug File System...
         Mounting Debug File System...
[    6.900539] systemd[1]: Starting Nameserver information manager...
         Starting Nameserver information manager...
[    6.909125] systemd[1]: Starting Monitoring of LVM2 mirrors, snapshots etc. using dmeventd or progress polling...
         Starting Monitoring of LVM2 mirrors... dmeventd or progress polling...
[    6.924013] systemd[1]: Starting Uncomplicated firewall...
         Starting Uncomplicated firewall...
[    6.935453] systemd[1]: Mounting Huge Pages File System...
         Mounting Huge Pages File System...
[    6.944116] systemd[1]: Mounting POSIX Message Queue File System...
         Mounting POSIX Message Queue File System...
[    6.953613] systemd[1]: Starting Create list of required static device nodes for the current kernel...
         Starting Create list of required st... nodes for the current kernel...
[    6.966109] systemd[1]: Starting Set console keymap...
         Starting Set console keymap...
[    6.974798] systemd[1]: Listening on LVM2 poll daemon socket.
[[0;32m  OK  [0m] Listening on LVM2 poll daemon socket.
[    6.984402] systemd[1]: Reached target User and Group Name Lookups.
[[0;32m  OK  [0m] Reached target User and Group Name Lookups.
[    6.993757] systemd[1]: Listening on fsck to fsckd communication Socket.
[[0;32m  OK  [0m] Listening on fsck to fsckd communication Socket.
[    7.003854] systemd[1]: Starting File System Check on Root Device...
         Starting File System Check on Root Device...
[    7.015229] systemd[1]: Starting Journal Service...
         Starting Journal Service...
[    7.024938] systemd[1]: Created slice system-serial\x2dgetty.slice.
[[0;32m  OK  [0m] Created slice system-serial\x2dgetty.slice.
[    7.036722] systemd[1]: Created slice User and Session Slice.
[[0;32m  OK  [0m] Created slice User and Session Slice.
[    7.045998] systemd[1]: Reached target Slices.
[[0;32m  OK  [0m] Reached target Slices.
[    7.064252] systemd[1]: Starting Load Kernel Modules...
         Starting Load Kernel Modules...
[    7.076399] systemd[1]: Mounted Huge Pages File System.
[[    7.082432] Loading iSCSI transport class v2.0-870.
[0;32m  OK  [0m] Mounted Huge Pages File System.
[    7.088057] systemd[1]: Mounted POSIX Message Queue File System.
[[0;32m  OK  [0m] Mounted POSIX Message Queue File System.
[    7.099097] systemd[1]: Mounted Debug File System.
[    7.103981] iscsi: registered transport (tcp)
[[0;32m  OK  [0m] Mounted Debug File System.
[    7.110281] systemd[1]: Started Journal Service.
[[0;32m  OK  [0m] Started Journal Service.
[[0;32m  OK  [0m] Started Uncomplicated firewall.
[[0;32m  OK  [0m] Started Create list of required sta...ce nodes for the current kernel.
[[0;32m  OK  [0m] Started Set console keymap.
[[0;32m  OK  [0m] Started File System Check on Root Device.
[    7.179920] iscsi: registered transport (iser)
[[0;32m  OK  [0m] Started Nameserver information manager.
[[0;32m  OK  [0m] Started Load Kernel Modules.
[[0;32m  OK  [0m] Started File System Check Daemon to report status.
[[0;32m  OK  [0m] Started LVM2 metadata daemon.
         Starting Apply Kernel Variables...
         Mounting FUSE Control File System...
         Starting Remount Root and Kernel File Systems...
         Starting Create Static Device Nodes in /dev...
[[0;32m  OK  [0m] Mounted FUSE Control File System.
[[0;32m  OK  [0m] Started Apply Kernel Variables.
[[0;32m  OK  [0m] Started Remount Root and Kernel File Systems.
[[0;32m  OK  [0m] Started Create Static Device Nodes in /dev.
         Starting udev Kernel Device Manager...
         Starting Load/Save Random Seed...
         Starting udev Coldplug all Devices...
         Starting Flush Journal to Persistent Storage...
[[0;32m  OK  [0m] Started Monitoring of LVM2 mirrors,...ng dmeventd or progress polling.
[[0;32m  OK  [0m] Started Load/Save Random Seed.
[[0;32m  OK  [0m] Reached target Local File Systems (Pre).
[[0;32m  OK  [0m] Reached target Local File Systems.
         Starting Initial cloud-init job (pre-networking)...
         Starting Commit a transient machine-id on disk...
         Starting LSB: AppArmor initialization...
         Starting Set console font and keymap...
         Starting Tell Plymouth To Write Out Runtime Data...
[[0;32m  OK  [0m] Started udev Kernel Device Manager.
[[0;32m  OK  [0m] Started udev Coldplug all Devices.
[[0;32m  OK  [0m] Started Commit a transient machine-id on disk.
[[0;32m  OK  [0m] Started Tell Plymouth To Write Out Runtime Data.
[[0;32m  OK  [0m] Started Dispatch Password Requests to Console Directory Watch.
[[0;32m  OK  [0m] Started Flush Journal to Persistent Storage.
         Starting Create Volatile Files and Directories...
[[0;32m  OK  [0m] Started Create Volatile Files and Directories.
         Starting Update UTMP about System Boot/Shutdown...
[[0;32m  OK  [0m] Started Update UTMP about System Boot/Shutdown.
[[0;32m  OK  [0m] Found device /dev/ttyS0.
[[0;32m  OK  [0m] Listening on Load/Save RF Kill Switch Status /dev/rfkill Watch.
[    8.728874] cloud-init[466]: Cloud-init v. 21.1-19-gbad84ad4-0ubuntu1~16.04.2 running 'init-local' at Tue, 18 Oct 2022 13:54:06 +0000. Up 8.43 seconds.
[[0;32m  OK  [0m] Started LSB: AppArmor initialization.
         Starting Load AppArmor profiles managed internally by snapd...
[[0;32m  OK  [0m] Started Initial cloud-init job (pre-networking).
[[0;32m  OK  [0m] Started Load AppArmor profiles managed internally by snapd.
[[0;32m  OK  [0m] Reached target Network (Pre).
         Starting Raise network interfaces...
[[0;32m  OK  [0m] Started Set console font and keymap.
[[0;32m  OK  [0m] Created slice system-getty.slice.
[[0;32m  OK  [0m] Started Raise network interfaces.
[[0;32m  OK  [0m] Reached target Network.
         Starting Initial cloud-init job (metadata service crawler)...
[   10.459064] cloud-init[941]: Cloud-init v. 21.1-19-gbad84ad4-0ubuntu1~16.04.2 running 'init' at Tue, 18 Oct 2022 13:54:07 +0000. Up 9.83 seconds.
[   10.470420] cloud-init[941]: ci-info: ++++++++++++++++++++++++++++++++++++++Net device info+++++++++++++++++++++++++++++++++++++++
[   10.476794] cloud-init[941]: ci-info: +--------+-------+----------------------------+---------------+--------+-------------------+
[   10.493178] cloud-init[941]: ci-info: | Device |   Up  |          Address           |      Mask     | Scope  |     Hw-Address    |
[   10.499312] cloud-init[941]: ci-info: +--------+-------+----------------------------+---------------+--------+-------------------+
[   10.518617] cloud-init[941]: ci-info: | enp0s3 |  True |         10.0.2.15          | 255.255.255.0 | global | 02:be:82:6b:cc:1d |
[   10.524796] cloud-init[941]: ci-info: | enp0s3 |  True | fe80::be:82ff:fe6b:cc1d/64 |       .       |  link  | 02:be:82:6b:cc:1d |
[   10.530578] cloud-init[[0;32m  OK  [0m] Started Initial cloud-init job (metadata service crawler).
[[0;32m  OK  [0m] Reached target Network is Online.
[941]: ci-info: | enp0s8 | False |             .              |       .       |   .    | 08:00:27:bd:5f:17 |
[   10.539669] cloud-init[941]: ci-info: |   lo   |  True |         127.0.0.1          |   255.0.0.0   |  host  |         .         |         Starting iSCSI initiator daemon (iscsid)...
[[0;32m  OK  [0m] Reached target Cloud-config availability.
[[0;32m  OK  [0m] Reached target System Initialization.

[[0;32m  OK  [0m] Started ACPI Events Check.
[   10.550620] [[0;32m  OK  [0m] Reached target Paths.
[[0;32m  OK  [0m] Listening on ACPID Listen Socket.
[[0;32m  OK  [0m] Started Daily Cleanup of Temporary Directories.
[[0;32m  OK  [0m] Listening on D-Bus System Message Bus Socket.
[[0;32m  OK  [0m] Started Daily apt download activities.
[[0;32m  OK  [0m] Started Daily apt upgrade and clean activities.
[[0;32m  OK  [0m] Listening on UUID daemon activation socket.
[[0;32m  OK  [0m] Started Message of the Day.
         Starting Socket activation for snappy daemon.
[[0;32m  OK  [0m] Started Ubuntu Advantage update messaging.
[[0;32m  OK  [0m] Reached target Timers.
cloud-init         Starting LXD - unix socket.
[[0;32m  OK  [0m] Listening on Socket activation for snappy daemon.
[[0;32m  OK  [0m] Listening on LXD - unix socket.
[[0;32m  OK  [0m] Reached target Sockets.
[[0;32m  OK  [0m] Reached target Basic System.
[941]:          Starting Pollinate to seed the pseudo random number generator...
[[0;32m  OK  [0m] Started D-Bus System Message Bus.
ci-info: |   lo   |  True |          ::1/128           |       .       |  host  |         .         |
[   10.581809] cloud-init[941]: ci-info: +--------+-------+----------------------------+---------------+--------+-------------------+
[   10.594481] cloud-init[941]: ci-info: +++++++++++++++++++++++++++Route IPv4 info++++++++++++++++++++++++++++
[   10.605836] cloud-init[941]: ci-info: +-------+-------------+----------+---------------+-----------+-------+
[   10.614542] cloud-init[941]: ci-info: | Route | Destination | Gateway  |    Genmask    | Interface | Flags |
[   10.623292] cloud-init[941]: ci-info: +-------+-------------+----------+---------------+-----------+-------+
[   10.627636] cloud-init[941]: ci-info: |   0   |   0.0.0.0   | 10.0.2.2 |    0.0.0.0    |   enp0s3  |   UG  |
[   10.631810] cloud-init[941]: ci-info: |   1   |   10.0.2.0  | 0.0.0.0  | 255.255.255.0 |   enp0s3  |   U   |
[   10.633062] cloud-init[941]: ci-info: +-------+-------------+----------+---------------+-----------+-------+
[   10.633392] cloud-init[941]: ci-info: +++++++++++++++++++Route IPv6 info+++++++++++++++++++
[   10.633677] cloud-init[941]: ci-info: +-------+-------------+---------+-----------+-------+
[   10.633964] cloud-init[941]: ci-info: | Route | Destination | Gateway | Interface | Flags |
[   10.634249] cloud-init[941]: ci-info: +-------+-------------+---------+-----------+-------+
[   10.634575] cloud-init[941]: ci-info: |   0   |  fe80::/64  |    ::   |   enp0s3  |   U   |
[   10.634833] cloud-init[941]: ci-info: |   3   |   ff00::/8  |    ::   |   enp0s3  |   U   |
[   10.635116] cloud-init[941]: ci-info: +-------+-------------+---------+-----------+-------+
[   10.635409] cloud-init[941]: Generating public/private rsa key pair.
[   10.635706] cloud-init[941]: Your identification has been saved in /etc/ssh/ssh_host_rsa_key.
[   10.635981] cloud-init[941]: Your public key has been saved in /etc/ssh/ssh_host_rsa_key.pub.
[   10.636834] cloud-init[941]: The key fingerprint is:
[   10.637130] cloud-init[941]: SHA256:3B4bqLfVqHXt1Fj3YKtQjoFJkgxJc+4QSLpRQTege3w root@ubuntu-xenial
[   10.637411] cloud-init[941]: The key's randomart image is:
[   10.637695] cloud-init[941]: +---[RSA 2048]----+
[   10.637978] cloud-init[941]: | o*=B..          |
[   10.638267] cloud-init[941]: | +...O .         |
[   10.638550] cloud-init[941]: |+   . = .        |
[   10.638833] cloud-init[941]: | =   o + =       |
[   10.639130] cloud-init[941]: |o o E . S = . o o|
[   10.639407] cloud-init[941]: | . .   . . @ o *o|
[   10.639689] cloud-init[941]: |      . . O + = o|
[   10.639982] cloud-init[941]: |       . = o +   |
[   10.640583] cloud-init[941]: |        o   . .  |
[   10.640859] cloud-init[941]: +----[SHA256]-----+
[   10.641161] cloud-init[941]: Generating public/private dsa key pair.
[   10.641430] cloud-init[941]: Your identification has been saved in /etc/ssh/ssh_host_dsa_key.
[   10.641718] cloud-init[941]: Your public key has been saved in /etc/ssh/ssh_host_dsa_key.pub.
[   10.642021] cloud-init[941]: The key fingerprint is:
[   10.642299] cloud-init[941]: SHA256:8mILsE8MvlDGKTrBpwv9LcrU0r3bLg6NkOElEIdhVAw root@ubuntu-xenial
[   10.642582] cloud-init[941]: The key's randomart image is:
[   10.642861] cloud-init[941]: +---[DSA 1024]----+
[   10.643146] cloud-init[941]: |=E=.             |
[   10.643433] cloud-init[941]: |oo .             |
[   10.643713] cloud-init[941]: |  o .            |
[   10.644005] cloud-init[941]: |.o *             |
[   10.644602] cloud-init[941]: |o.@.  . S        |
[   10.644884] cloud-init[941]: |.BoO + o         |
[   10.645165] cloud-init[941]: |=.* O = .        |
[   10.645444] cloud-init[941]: |.=.*.=.=         |
[   10.645726] cloud-init[941]: | .+.oo*+o        |
[   10.646010] cloud-init[941]: +----[SHA256]-----+
[   10.646289] cloud-init[941]: Generating public/private ecdsa key pair.
[   10.646575] cloud-init[941]: Your identification has been saved in /etc/ssh/ssh_host_ecdsa_key.
[   10.646863] cloud-init[941]: Your public key has been saved in /etc/ssh/ssh_host_ecdsa_key.pub.
[   10.647139] cloud-init[941]: The key fingerprint is:
[   10.647422] cloud-init[941]: SHA256:Y/Td9PxZibPv5GL7dJ/ZVp8kG/F92ZPq5IfFp7d5mBk root@ubuntu-xenial
[   10.647702] cloud-init[941]: The key's randomart image is:
[   10.647998] cloud-init[941]: +---[ECDSA 256]---+
[   10.648600] cloud-init[941]: |                 |
[   10.648873] cloud-init[941]: |                 |
[   10.649151] cloud-init[941]: |        .     .  |
[   10.649429] cloud-init[941]: |       . . . +.o.|
[   10.649711] cloud-init[941]: |        S . .o=.O|
[   10.650013] cloud-init[941]: |       . .   oEOX|
[   10.650291] cloud-init[941]: |             oOXX|
[   10.650576] cloud-init[941]: |            o*Xo%|
[   10.650875] cloud-init[941]: |            o+*%=|
[   10.651156] cloud-init[941]: +----[SHA256]-----+
[   10.651437] cloud-init[941]: Generating public/private ed25519 key pair.
[   10.651733] cloud-init[941]: Your identification has been saved in /etc/ssh/ssh_host_ed25519_key.
[   10.652011] cloud-init[941]: Your public key has been saved in /etc/ssh/ssh_host_ed25519_key.pub.
[   10.652612] cloud-init[941]: The key fingerprint is:
[   10.652894] cloud-init[941]: SHA256:poUR5TJr7vCJzv0gI6hWjuAL4w0fcJ9ymXitpDngk9U root@ubuntu-xenial
[   10.653174] cloud-init[941]: The key's randomart image is:
[   10.653474] cloud-init[941]: +--[ED25519 256]--+
[   10.653761] cloud-init[941]: |      ...        |
[   10.654049] cloud-init[941]: |       o         |
[   10.654487] cloud-init[941]: |      + .        |
[   10.654626] cloud-init[941]: |       *         |
[   10.654892] cloud-init[941]: | . .. + S        |
[   10.655182] cloud-init[941]: |.ooooE=+         |
[   10.655463] cloud-init[941]: |B.O++O+.         |
[   10.655768] cloud-init[941]: |+O+=OO.o         |
[   10.656051] cloud-init[941]: |ooo*=.=..        |
[   10.656818] cloud-init[941]: +----[SHA256]-----+
         Starting Login Service...
[[0;32m  OK  [0m] Started Regular background program processing daemon.
         Starting Virtualbox guest utils...
         Starting /etc/rc.local Compatibility...
         Starting Accounts Service...
[[0;32m  OK  [0m] Started FUSE filesystem for LXC.
         Starting LSB: Record successful boot for GRUB...
         Starting System Logging Service...
         Starting LXD - container startup/shutdown...
         Starting Snap Daemon...
[[0;32m  OK  [0m] Started Deferred execution scheduler.
         Starting LSB: MD monitoring daemon...
[[0;32m  OK  [0m] Started ACPI event daemon.
[[0;32m  OK  [0m] Started System Logging Service.
[[0;32m  OK  [0m] Started /etc/rc.local Compatibility.
[[0;32m  OK  [0m] Started iSCSI initiator daemon (iscsid).
[[0;32m  OK  [0m] Started Login Service.
[[0;32m  OK  [0m] Started LXD - container startup/shutdown.
[[0;32m  OK  [0m] Started LSB: Record successful boot for GRUB.
[[0;32m  OK  [0m] Started LSB: MD monitoring daemon.
[[0;32m  OK  [0m] Started Unattended Upgrades Shutdown.
         Starting Authenticate and Authorize Users to Run Privileged Tasks...
         Starting Login to default iSCSI targets...
[[0;32m  OK  [0m] Started Login to default iSCSI targets.
[[0;32m  OK  [0m] Reached target Remote File Systems (Pre).
[[0;32m  OK  [0m] Reached target Remote File Systems.
         Starting LSB: daemon to balance interrupts for SMP systems...
         Starting LSB: Set the CPU Frequency Scaling governor to "ondemand"...
         Starting Permit User Sessions...
         Starting LSB: automatic crash report generation...
[[0;32m  OK  [0m] Started Permit User Sessions.
         Starting Hold until boot process finishes up...
         Starting Terminate Plymouth Boot Screen...
[[0;32m  OK  [0m] Started Hold until boot process finishes up.
[[0;32m  OK  [0m] Started Authenticate and Authorize Users to Run Privileged Tasks.
[[0;32m  OK  [0m] Started Terminate Plymouth Boot Screen.
[[0;32m  OK  [0m] Started LSB: daemon to balance interrupts for SMP systems.
[[0;32m  OK  [0m] Started Accounts Service.
         Starting Set console scheme...
[[0;32m  OK  [0m] Started Serial Getty on ttyS0.
[[0;32m  OK  [0m] Started Getty on tty1.
[[0;32m  OK  [0m] Reached target Login Prompts.
[[0;32m  OK  [0m] Started Virtualbox guest utils.
[[0;32m  OK  [0m] Started LSB: Set the CPU Frequency Scaling governor to "ondemand".
[[0;32m  OK  [0m] Started Pollinate to seed the pseudo random number generator.
[[0;32m  OK  [0m] Started Set console scheme.
         Starting OpenBSD Secure Shell server...
[[0;32m  OK  [0m] Started LSB: automatic crash report generation.
[[0;32m  OK  [0m] Started OpenBSD Secure Shell server.
[[0;32m  OK  [0m] Started Snap Daemon.
         Starting Wait until snapd is fully seeded...
[[0;32m  OK  [0m] Created slice User Slice of vagrant.
         Starting User Manager for UID 1000...
[[0;32m  OK  [0m] Started Session 1 of user vagrant.
[[0;32m  OK  [0m] Started User Manager for UID 1000.
[[0;32m  OK  [0m] Started Wait until snapd is fully seeded.
[[0;32m  OK  [0m] Reached target Multi-User System.
[[0;32m  OK  [0m] Reached target Graphical Interface.
         Starting Update UTMP about System Runlevel Changes...
         Starting Apply the settings specified in cloud-config...
[[0;32m  OK  [0m] Started Update UTMP about System Runlevel Changes.
[   12.974582] cloud-init[1388]: Generating locales (this might take a while)...
[   13.724540] cloud-init[1388]:   en_US.UTF-8... done
[   13.730310] cloud-init[1388]: Generation complete.
[   13.982668] cloud-init[1388]: Cloud-init v. 21.1-19-gbad84ad4-0ubuntu1~16.04.2 running 'modules:config' at Tue, 18 Oct 2022 13:54:10 +0000. Up 12.86 seconds.
[[0;32m  OK  [0m] Started Apply the settings specified in cloud-config.
         Starting Execute cloud user/final scripts...
ci-info: no authorized SSH keys fingerprints found for user ubuntu.
<14>Oct 18 13:54:12 ec2: 
<14>Oct 18 13:54:12 ec2: #############################################################
<14>Oct 18 13:54:12 ec2: -----BEGIN SSH HOST KEY FINGERPRINTS-----
<14>Oct 18 13:54:12 ec2: 1024 SHA256:8mILsE8MvlDGKTrBpwv9LcrU0r3bLg6NkOElEIdhVAw root@ubuntu-xenial (DSA)
<14>Oct 18 13:54:12 ec2: 256 SHA256:Y/Td9PxZibPv5GL7dJ/ZVp8kG/F92ZPq5IfFp7d5mBk root@ubuntu-xenial (ECDSA)
<14>Oct 18 13:54:12 ec2: 256 SHA256:poUR5TJr7vCJzv0gI6hWjuAL4w0fcJ9ymXitpDngk9U root@ubuntu-xenial (ED25519)
<14>Oct 18 13:54:12 ec2: 2048 SHA256:3B4bqLfVqHXt1Fj3YKtQjoFJkgxJc+4QSLpRQTege3w root@ubuntu-xenial (RSA)
<14>Oct 18 13:54:12 ec2: -----END SSH HOST KEY FINGERPRINTS-----
<14>Oct 18 13:54:12 ec2: #############################################################
-----BEGIN SSH HOST KEY KEYS-----
ecdsa-sha2-nistp256 AAAAE2VjZHNhLXNoYTItbmlzdHAyNTYAAAAIbmlzdHAyNTYAAABBBEPNFy1qxavCMno5nGg4vKWwt2hljomIl6+oGJ7RVHDBNcBwrrA7d9B7EhhqgOtP9cskwy9o7jM/P9JBCCE7QwQ= root@ubuntu-xenial
ssh-ed25519 AAAAC3NzaC1lZDI1NTE5AAAAIKfiOy5cNYMHuRo9lzPn7pCZndoagkD67ELomyxX2vD/ root@ubuntu-xenial
ssh-rsa AAAAB3NzaC1yc2EAAAADAQABAAABAQCsDU2IxmIlHMuHpc/bOPN8cO5cCYK6lRtQPyloopxW6ft+atStjbU7a3SmMOEvkuNov/avjUm7b/G39Io1b5K5mRFn5bnApW3kSWG1VYFEPSLKMh6M0+A5inCD5LCDWtWc8LaF1tvgivGXd/4Hd5OmdPAhW0cnwBEErDv+EbGrpNPGFtAb3+vUEceTLvrcEEGtjqbynxGluvYg+p2KquPUfMA6okcH66KKH+BWCvwf/a3UJlpt1YvBDZ0xt1V+K094lTg0JEtao+LVhxp354fb/LoMzEjNJR8MuZ8H3yqA1kKL6kuj0MakutaqoIsezwVfgMllEqKDR60hBkErU4hj root@ubuntu-xenial
-----END SSH HOST KEY KEYS-----
[   14.414372] cloud-init[1549]: Cloud-init v. 21.1-19-gbad84ad4-0ubuntu1~16.04.2 running 'modules:final' at Tue, 18 Oct 2022 13:54:12 +0000. Up 14.24 seconds.
[   14.420851] cloud-init[1549]: ci-info: no authorized SSH keys fingerprints found for user ubuntu.
[   14.429114] cloud-init[1549]: Cloud-init v. 21.1-19-gbad84ad4-0ubuntu1~16.04.2 finished at Tue, 18 Oct 2022 13:54:12 +0000. Datasource DataSourceNoCloud [seed=/dev/sdb][dsmode=net].  Up 14.40 seconds
[[0;32m  OK  [0m] Started Execute cloud user/final scripts.
[[0;32m  OK  [0m] Reached target Cloud-init target.

Ubuntu 16.04.7 LTS ubuntu-xenial ttyS0

ubuntu-xenial login: 